This is pdfTeX, Version 3.14159265-2.6-1.40.17 (TeX Live 2016) (preloaded format=pdflatex 2016.5.22)  22 MAY 2018 19:42
entering extended mode
 restricted \write18 enabled.
 %&-line parsing enabled.
**TesisMSc.tex
(./TesisMSc.tex
LaTeX2e <2016/03/31>
Babel <3.9r> and hyphenation patterns for 83 language(s) loaded.
(./EncabezadoTesisMSc.tex
(/usr/local/texlive/2016/texmf-dist/tex/latex/koma-script/scrbook.cls
Document Class: scrbook 2016/05/10 v3.20 KOMA-Script document class (book)
(/usr/local/texlive/2016/texmf-dist/tex/latex/koma-script/scrkbase.sty
Package: scrkbase 2016/05/10 v3.20 KOMA-Script package (KOMA-Script-dependent b
asics and keyval usage)

(/usr/local/texlive/2016/texmf-dist/tex/latex/koma-script/scrbase.sty
Package: scrbase 2016/05/10 v3.20 KOMA-Script package (KOMA-Script-independent 
basics and keyval usage)

(/usr/local/texlive/2016/texmf-dist/tex/latex/graphics/keyval.sty
Package: keyval 2014/10/28 v1.15 key=value parser (DPC)
\KV@toks@=\toks14
)
(/usr/local/texlive/2016/texmf-dist/tex/latex/koma-script/scrlfile.sty
Package: scrlfile 2016/05/10 v3.20 KOMA-Script package (loading files)

Package scrlfile, 2016/05/10 v3.20 KOMA-Script package (loading files)
                  Copyright (C) Markus Kohm

))) (/usr/local/texlive/2016/texmf-dist/tex/latex/koma-script/tocbasic.sty
Package: tocbasic 2016/05/10 v3.20 KOMA-Script package (handling toc-files)
\scr@dte@tocline@numberwidth=\skip41
\scr@dte@tocline@numbox=\box26
)
Package tocbasic Info: omitting babel extension for `toc'
(tocbasic)             because of feature `nobabel' available
(tocbasic)             for `toc' on input line 132.
Package tocbasic Info: omitting babel extension for `lof'
(tocbasic)             because of feature `nobabel' available
(tocbasic)             for `lof' on input line 133.
Package tocbasic Info: omitting babel extension for `lot'
(tocbasic)             because of feature `nobabel' available
(tocbasic)             for `lot' on input line 134.
Package tocbasic Info: defining new hook before heading of `' on input line 160
1.
Package scrbook Info: You've used standard option `12pt'.
(scrbook)             This is correct!
(scrbook)             Internally I'm using `fontsize=12pt'.
(scrbook)             If you'd like to set the option with \KOMAoptions,
(scrbook)             you'd have to use `fontsize=12pt' there
(scrbook)             instead of `12pt', too.

(/usr/local/texlive/2016/texmf-dist/tex/latex/base/fleqn.clo
File: fleqn.clo 2015/03/31 v1.1i Standard LaTeX option (flush left equations)
\mathindent=\dimen102
Applying: [2015/01/01] Make \[ robust on input line 50.
LaTeX Info: Redefining \[ on input line 51.
Already applied: [0000/00/00] Make \[ robust on input line 62.
Applying: [2015/01/01] Make \] robust on input line 74.
LaTeX Info: Redefining \] on input line 75.
Already applied: [0000/00/00] Make \] robust on input line 83.
)
Class scrbook Info: You've used standard option `openany'.
(scrbook)           This is correct!
(scrbook)           Internally I'm using `open=any'.
(scrbook)           If you'd like to set the option with \KOMAoptions,
(scrbook)           you'd have to use `open=any' there
(scrbook)           instead of `openany', too.
Class scrbook Info: File `scrsize12pt.clo' used to setup font sizes on input li
ne 2268.

(/usr/local/texlive/2016/texmf-dist/tex/latex/koma-script/scrsize12pt.clo
File: scrsize12pt.clo 2016/05/10 v3.20 KOMA-Script font size class option (12pt
)
)
(/usr/local/texlive/2016/texmf-dist/tex/latex/koma-script/typearea.sty
Package: typearea 2016/05/10 v3.20 KOMA-Script package (type area)

Package typearea, 2016/05/10 v3.20 KOMA-Script package (type area)
                  Copyright (C) Frank Neukam, 1992-1994
                  Copyright (C) Markus Kohm, 1994-

\ta@bcor=\skip42
\ta@div=\count79
Package typearea Info: You've used standard option `letterpaper'.
(typearea)             This is correct!
(typearea)             Internally I'm using `paper=letter'.
(typearea)             If you'd like to set the option with \KOMAoptions,
(typearea)             you'd have to use `paper=letter' there
(typearea)             instead of `letterpaper', too.
\ta@hblk=\skip43
\ta@vblk=\skip44
\ta@temp=\skip45
\footheight=\skip46
Package typearea Info: These are the values describing the layout:
(typearea)             DIV  = 12
(typearea)             BCOR = 0.0pt
(typearea)             \paperwidth      = 614.295pt
(typearea)              \textwidth      = 460.72128pt
(typearea)              DIV departure   = -9%
(typearea)              \evensidemargin = 30.11249pt
(typearea)              \oddsidemargin  = -21.07875pt
(typearea)             \paperheight     = 794.96999pt
(typearea)              \textheight     = 606.5pt
(typearea)              \topmargin      = -45.89749pt
(typearea)              \headheight     = 18.125pt
(typearea)              \headsep        = 21.75pt
(typearea)              \topskip        = 12.0pt
(typearea)              \footskip       = 50.75pt
(typearea)              \baselineskip   = 14.5pt
(typearea)              on input line 1528.
)
\c@part=\count80
\c@chapter=\count81
\c@section=\count82
\c@subsection=\count83
\c@subsubsection=\count84
\c@paragraph=\count85
\c@subparagraph=\count86
\scr@dte@part@maxnumwidth=\skip47
\scr@dte@chapter@maxnumwidth=\skip48
\scr@dte@section@maxnumwidth=\skip49
\scr@dte@subsection@maxnumwidth=\skip50
\scr@dte@subsubsection@maxnumwidth=\skip51
\scr@dte@paragraph@maxnumwidth=\skip52
\scr@dte@subparagraph@maxnumwidth=\skip53
LaTeX Info: Redefining \textsubscript on input line 4771.
\abovecaptionskip=\skip54
\belowcaptionskip=\skip55
\c@pti@nb@sid@b@x=\box27
\c@figure=\count87
\c@table=\count88
Class scrbook Info: Redefining `\numberline' on input line 5776.
\bibindent=\dimen103
) (/usr/local/texlive/2016/texmf-dist/tex/generic/babel/babel.sty
Package: babel 2016/04/23 3.9r The Babel package

(/usr/local/texlive/2016/texmf-dist/tex/generic/babel-spanish/spanish.ldf
Language: spanish.ldf 2016/03/03 v5.0p Spanish support from the babel system

(/usr/local/texlive/2016/texmf-dist/tex/generic/babel/babel.def
File: babel.def 2016/04/23 3.9r Babel common definitions
\babel@savecnt=\count89
\U@D=\dimen104
)
\es@quottoks=\toks15
\es@quotdepth=\count90
Package babel Info: Making " an active character on input line 561.
Package babel Info: Making . an active character on input line 662.
Package babel Info: Making < an active character on input line 707.
Package babel Info: Making > an active character on input line 707.
))
(/usr/local/texlive/2016/texmf-dist/tex/latex/base/inputenc.sty
Package: inputenc 2015/03/17 v1.2c Input encoding file
\inpenc@prehook=\toks16
\inpenc@posthook=\toks17

(/usr/local/texlive/2016/texmf-dist/tex/latex/base/utf8.def
File: utf8.def 2016/02/28 v1.1s UTF-8 support for inputenc
Now handling font encoding OML ...
... no UTF-8 mapping file for font encoding OML
Now handling font encoding T1 ...
... processing UTF-8 mapping file for font encoding T1

(/usr/local/texlive/2016/texmf-dist/tex/latex/base/t1enc.dfu
File: t1enc.dfu 2016/02/28 v1.1s UTF-8 support for inputenc
   defining Unicode char U+00A0 (decimal 160)
   defining Unicode char U+00A1 (decimal 161)
   defining Unicode char U+00A3 (decimal 163)
   defining Unicode char U+00AB (decimal 171)
   defining Unicode char U+00AD (decimal 173)
   defining Unicode char U+00BB (decimal 187)
   defining Unicode char U+00BF (decimal 191)
   defining Unicode char U+00C0 (decimal 192)
   defining Unicode char U+00C1 (decimal 193)
   defining Unicode char U+00C2 (decimal 194)
   defining Unicode char U+00C3 (decimal 195)
   defining Unicode char U+00C4 (decimal 196)
   defining Unicode char U+00C5 (decimal 197)
   defining Unicode char U+00C6 (decimal 198)
   defining Unicode char U+00C7 (decimal 199)
   defining Unicode char U+00C8 (decimal 200)
   defining Unicode char U+00C9 (decimal 201)
   defining Unicode char U+00CA (decimal 202)
   defining Unicode char U+00CB (decimal 203)
   defining Unicode char U+00CC (decimal 204)
   defining Unicode char U+00CD (decimal 205)
   defining Unicode char U+00CE (decimal 206)
   defining Unicode char U+00CF (decimal 207)
   defining Unicode char U+00D0 (decimal 208)
   defining Unicode char U+00D1 (decimal 209)
   defining Unicode char U+00D2 (decimal 210)
   defining Unicode char U+00D3 (decimal 211)
   defining Unicode char U+00D4 (decimal 212)
   defining Unicode char U+00D5 (decimal 213)
   defining Unicode char U+00D6 (decimal 214)
   defining Unicode char U+00D8 (decimal 216)
   defining Unicode char U+00D9 (decimal 217)
   defining Unicode char U+00DA (decimal 218)
   defining Unicode char U+00DB (decimal 219)
   defining Unicode char U+00DC (decimal 220)
   defining Unicode char U+00DD (decimal 221)
   defining Unicode char U+00DE (decimal 222)
   defining Unicode char U+00DF (decimal 223)
   defining Unicode char U+00E0 (decimal 224)
   defining Unicode char U+00E1 (decimal 225)
   defining Unicode char U+00E2 (decimal 226)
   defining Unicode char U+00E3 (decimal 227)
   defining Unicode char U+00E4 (decimal 228)
   defining Unicode char U+00E5 (decimal 229)
   defining Unicode char U+00E6 (decimal 230)
   defining Unicode char U+00E7 (decimal 231)
   defining Unicode char U+00E8 (decimal 232)
   defining Unicode char U+00E9 (decimal 233)
   defining Unicode char U+00EA (decimal 234)
   defining Unicode char U+00EB (decimal 235)
   defining Unicode char U+00EC (decimal 236)
   defining Unicode char U+00ED (decimal 237)
   defining Unicode char U+00EE (decimal 238)
   defining Unicode char U+00EF (decimal 239)
   defining Unicode char U+00F0 (decimal 240)
   defining Unicode char U+00F1 (decimal 241)
   defining Unicode char U+00F2 (decimal 242)
   defining Unicode char U+00F3 (decimal 243)
   defining Unicode char U+00F4 (decimal 244)
   defining Unicode char U+00F5 (decimal 245)
   defining Unicode char U+00F6 (decimal 246)
   defining Unicode char U+00F8 (decimal 248)
   defining Unicode char U+00F9 (decimal 249)
   defining Unicode char U+00FA (decimal 250)
   defining Unicode char U+00FB (decimal 251)
   defining Unicode char U+00FC (decimal 252)
   defining Unicode char U+00FD (decimal 253)
   defining Unicode char U+00FE (decimal 254)
   defining Unicode char U+00FF (decimal 255)
   defining Unicode char U+0100 (decimal 256)
   defining Unicode char U+0101 (decimal 257)
   defining Unicode char U+0102 (decimal 258)
   defining Unicode char U+0103 (decimal 259)
   defining Unicode char U+0104 (decimal 260)
   defining Unicode char U+0105 (decimal 261)
   defining Unicode char U+0106 (decimal 262)
   defining Unicode char U+0107 (decimal 263)
   defining Unicode char U+0108 (decimal 264)
   defining Unicode char U+0109 (decimal 265)
   defining Unicode char U+010A (decimal 266)
   defining Unicode char U+010B (decimal 267)
   defining Unicode char U+010C (decimal 268)
   defining Unicode char U+010D (decimal 269)
   defining Unicode char U+010E (decimal 270)
   defining Unicode char U+010F (decimal 271)
   defining Unicode char U+0110 (decimal 272)
   defining Unicode char U+0111 (decimal 273)
   defining Unicode char U+0112 (decimal 274)
   defining Unicode char U+0113 (decimal 275)
   defining Unicode char U+0114 (decimal 276)
   defining Unicode char U+0115 (decimal 277)
   defining Unicode char U+0116 (decimal 278)
   defining Unicode char U+0117 (decimal 279)
   defining Unicode char U+0118 (decimal 280)
   defining Unicode char U+0119 (decimal 281)
   defining Unicode char U+011A (decimal 282)
   defining Unicode char U+011B (decimal 283)
   defining Unicode char U+011C (decimal 284)
   defining Unicode char U+011D (decimal 285)
   defining Unicode char U+011E (decimal 286)
   defining Unicode char U+011F (decimal 287)
   defining Unicode char U+0120 (decimal 288)
   defining Unicode char U+0121 (decimal 289)
   defining Unicode char U+0122 (decimal 290)
   defining Unicode char U+0123 (decimal 291)
   defining Unicode char U+0124 (decimal 292)
   defining Unicode char U+0125 (decimal 293)
   defining Unicode char U+0128 (decimal 296)
   defining Unicode char U+0129 (decimal 297)
   defining Unicode char U+012A (decimal 298)
   defining Unicode char U+012B (decimal 299)
   defining Unicode char U+012C (decimal 300)
   defining Unicode char U+012D (decimal 301)
   defining Unicode char U+012E (decimal 302)
   defining Unicode char U+012F (decimal 303)
   defining Unicode char U+0130 (decimal 304)
   defining Unicode char U+0131 (decimal 305)
   defining Unicode char U+0132 (decimal 306)
   defining Unicode char U+0133 (decimal 307)
   defining Unicode char U+0134 (decimal 308)
   defining Unicode char U+0135 (decimal 309)
   defining Unicode char U+0136 (decimal 310)
   defining Unicode char U+0137 (decimal 311)
   defining Unicode char U+0139 (decimal 313)
   defining Unicode char U+013A (decimal 314)
   defining Unicode char U+013B (decimal 315)
   defining Unicode char U+013C (decimal 316)
   defining Unicode char U+013D (decimal 317)
   defining Unicode char U+013E (decimal 318)
   defining Unicode char U+0141 (decimal 321)
   defining Unicode char U+0142 (decimal 322)
   defining Unicode char U+0143 (decimal 323)
   defining Unicode char U+0144 (decimal 324)
   defining Unicode char U+0145 (decimal 325)
   defining Unicode char U+0146 (decimal 326)
   defining Unicode char U+0147 (decimal 327)
   defining Unicode char U+0148 (decimal 328)
   defining Unicode char U+014A (decimal 330)
   defining Unicode char U+014B (decimal 331)
   defining Unicode char U+014C (decimal 332)
   defining Unicode char U+014D (decimal 333)
   defining Unicode char U+014E (decimal 334)
   defining Unicode char U+014F (decimal 335)
   defining Unicode char U+0150 (decimal 336)
   defining Unicode char U+0151 (decimal 337)
   defining Unicode char U+0152 (decimal 338)
   defining Unicode char U+0153 (decimal 339)
   defining Unicode char U+0154 (decimal 340)
   defining Unicode char U+0155 (decimal 341)
   defining Unicode char U+0156 (decimal 342)
   defining Unicode char U+0157 (decimal 343)
   defining Unicode char U+0158 (decimal 344)
   defining Unicode char U+0159 (decimal 345)
   defining Unicode char U+015A (decimal 346)
   defining Unicode char U+015B (decimal 347)
   defining Unicode char U+015C (decimal 348)
   defining Unicode char U+015D (decimal 349)
   defining Unicode char U+015E (decimal 350)
   defining Unicode char U+015F (decimal 351)
   defining Unicode char U+0160 (decimal 352)
   defining Unicode char U+0161 (decimal 353)
   defining Unicode char U+0162 (decimal 354)
   defining Unicode char U+0163 (decimal 355)
   defining Unicode char U+0164 (decimal 356)
   defining Unicode char U+0165 (decimal 357)
   defining Unicode char U+0168 (decimal 360)
   defining Unicode char U+0169 (decimal 361)
   defining Unicode char U+016A (decimal 362)
   defining Unicode char U+016B (decimal 363)
   defining Unicode char U+016C (decimal 364)
   defining Unicode char U+016D (decimal 365)
   defining Unicode char U+016E (decimal 366)
   defining Unicode char U+016F (decimal 367)
   defining Unicode char U+0170 (decimal 368)
   defining Unicode char U+0171 (decimal 369)
   defining Unicode char U+0172 (decimal 370)
   defining Unicode char U+0173 (decimal 371)
   defining Unicode char U+0174 (decimal 372)
   defining Unicode char U+0175 (decimal 373)
   defining Unicode char U+0176 (decimal 374)
   defining Unicode char U+0177 (decimal 375)
   defining Unicode char U+0178 (decimal 376)
   defining Unicode char U+0179 (decimal 377)
   defining Unicode char U+017A (decimal 378)
   defining Unicode char U+017B (decimal 379)
   defining Unicode char U+017C (decimal 380)
   defining Unicode char U+017D (decimal 381)
   defining Unicode char U+017E (decimal 382)
   defining Unicode char U+01CD (decimal 461)
   defining Unicode char U+01CE (decimal 462)
   defining Unicode char U+01CF (decimal 463)
   defining Unicode char U+01D0 (decimal 464)
   defining Unicode char U+01D1 (decimal 465)
   defining Unicode char U+01D2 (decimal 466)
   defining Unicode char U+01D3 (decimal 467)
   defining Unicode char U+01D4 (decimal 468)
   defining Unicode char U+01E2 (decimal 482)
   defining Unicode char U+01E3 (decimal 483)
   defining Unicode char U+01E6 (decimal 486)
   defining Unicode char U+01E7 (decimal 487)
   defining Unicode char U+01E8 (decimal 488)
   defining Unicode char U+01E9 (decimal 489)
   defining Unicode char U+01EA (decimal 490)
   defining Unicode char U+01EB (decimal 491)
   defining Unicode char U+01F0 (decimal 496)
   defining Unicode char U+01F4 (decimal 500)
   defining Unicode char U+01F5 (decimal 501)
   defining Unicode char U+0218 (decimal 536)
   defining Unicode char U+0219 (decimal 537)
   defining Unicode char U+021A (decimal 538)
   defining Unicode char U+021B (decimal 539)
   defining Unicode char U+1E02 (decimal 7682)
   defining Unicode char U+1E03 (decimal 7683)
   defining Unicode char U+200C (decimal 8204)
   defining Unicode char U+2010 (decimal 8208)
   defining Unicode char U+2011 (decimal 8209)
   defining Unicode char U+2012 (decimal 8210)
   defining Unicode char U+2013 (decimal 8211)
   defining Unicode char U+2014 (decimal 8212)
   defining Unicode char U+2015 (decimal 8213)
   defining Unicode char U+2018 (decimal 8216)
   defining Unicode char U+2019 (decimal 8217)
   defining Unicode char U+201A (decimal 8218)
   defining Unicode char U+201C (decimal 8220)
   defining Unicode char U+201D (decimal 8221)
   defining Unicode char U+201E (decimal 8222)
   defining Unicode char U+2030 (decimal 8240)
   defining Unicode char U+2031 (decimal 8241)
   defining Unicode char U+2039 (decimal 8249)
   defining Unicode char U+203A (decimal 8250)
   defining Unicode char U+2423 (decimal 9251)
)
Now handling font encoding OT1 ...
... processing UTF-8 mapping file for font encoding OT1

(/usr/local/texlive/2016/texmf-dist/tex/latex/base/ot1enc.dfu
File: ot1enc.dfu 2016/02/28 v1.1s UTF-8 support for inputenc
   defining Unicode char U+00A0 (decimal 160)
   defining Unicode char U+00A1 (decimal 161)
   defining Unicode char U+00A3 (decimal 163)
   defining Unicode char U+00AD (decimal 173)
   defining Unicode char U+00B8 (decimal 184)
   defining Unicode char U+00BF (decimal 191)
   defining Unicode char U+00C5 (decimal 197)
   defining Unicode char U+00C6 (decimal 198)
   defining Unicode char U+00D8 (decimal 216)
   defining Unicode char U+00DF (decimal 223)
   defining Unicode char U+00E6 (decimal 230)
   defining Unicode char U+00EC (decimal 236)
   defining Unicode char U+00ED (decimal 237)
   defining Unicode char U+00EE (decimal 238)
   defining Unicode char U+00EF (decimal 239)
   defining Unicode char U+00F8 (decimal 248)
   defining Unicode char U+0131 (decimal 305)
   defining Unicode char U+0141 (decimal 321)
   defining Unicode char U+0142 (decimal 322)
   defining Unicode char U+0152 (decimal 338)
   defining Unicode char U+0153 (decimal 339)
   defining Unicode char U+0174 (decimal 372)
   defining Unicode char U+0175 (decimal 373)
   defining Unicode char U+0176 (decimal 374)
   defining Unicode char U+0177 (decimal 375)
   defining Unicode char U+0218 (decimal 536)
   defining Unicode char U+0219 (decimal 537)
   defining Unicode char U+021A (decimal 538)
   defining Unicode char U+021B (decimal 539)
   defining Unicode char U+2013 (decimal 8211)
   defining Unicode char U+2014 (decimal 8212)
   defining Unicode char U+2018 (decimal 8216)
   defining Unicode char U+2019 (decimal 8217)
   defining Unicode char U+201C (decimal 8220)
   defining Unicode char U+201D (decimal 8221)
)
Now handling font encoding OMS ...
... processing UTF-8 mapping file for font encoding OMS

(/usr/local/texlive/2016/texmf-dist/tex/latex/base/omsenc.dfu
File: omsenc.dfu 2016/02/28 v1.1s UTF-8 support for inputenc
   defining Unicode char U+00A7 (decimal 167)
   defining Unicode char U+00B6 (decimal 182)
   defining Unicode char U+00B7 (decimal 183)
   defining Unicode char U+2020 (decimal 8224)
   defining Unicode char U+2021 (decimal 8225)
   defining Unicode char U+2022 (decimal 8226)
)
Now handling font encoding OMX ...
... no UTF-8 mapping file for font encoding OMX
Now handling font encoding U ...
... no UTF-8 mapping file for font encoding U
   defining Unicode char U+00A9 (decimal 169)
   defining Unicode char U+00AA (decimal 170)
   defining Unicode char U+00AE (decimal 174)
   defining Unicode char U+00BA (decimal 186)
   defining Unicode char U+02C6 (decimal 710)
   defining Unicode char U+02DC (decimal 732)
   defining Unicode char U+200C (decimal 8204)
   defining Unicode char U+2026 (decimal 8230)
   defining Unicode char U+2122 (decimal 8482)
   defining Unicode char U+2423 (decimal 9251)
))

Class scrbook Warning: Usage of package `fancyhdr' together
(scrbook)              with a KOMA-Script class is not recommended.
(scrbook)              I'd suggest to use 
(scrbook)              package `scrlayer-scrpage'.
(scrbook)              Nevertheless, using requested
(scrbook)              package `fancyhdr' on input line 8.

(/usr/local/texlive/2016/texmf-dist/tex/latex/fancyhdr/fancyhdr.sty
\fancy@headwidth=\skip56
\f@ncyO@elh=\skip57
\f@ncyO@erh=\skip58
\f@ncyO@olh=\skip59
\f@ncyO@orh=\skip60
\f@ncyO@elf=\skip61
\f@ncyO@erf=\skip62
\f@ncyO@olf=\skip63
\f@ncyO@orf=\skip64
)
(/usr/local/texlive/2016/texmf-dist/tex/latex/graphics/epsfig.sty
Package: epsfig 1999/02/16 v1.7a (e)psfig emulation (SPQR)

(/usr/local/texlive/2016/texmf-dist/tex/latex/graphics/graphicx.sty
Package: graphicx 2014/10/28 v1.0g Enhanced LaTeX Graphics (DPC,SPQR)

(/usr/local/texlive/2016/texmf-dist/tex/latex/graphics/graphics.sty
Package: graphics 2016/05/09 v1.0r Standard LaTeX Graphics (DPC,SPQR)

(/usr/local/texlive/2016/texmf-dist/tex/latex/graphics/trig.sty
Package: trig 2016/01/03 v1.10 sin cos tan (DPC)
)
(/usr/local/texlive/2016/texmf-dist/tex/latex/graphics-cfg/graphics.cfg
File: graphics.cfg 2016/01/02 v1.10 sample graphics configuration
)
Package graphics Info: Driver file: pdftex.def on input line 96.

(/usr/local/texlive/2016/texmf-dist/tex/latex/pdftex-def/pdftex.def
File: pdftex.def 2011/05/27 v0.06d Graphics/color for pdfTeX

(/usr/local/texlive/2016/texmf-dist/tex/generic/oberdiek/infwarerr.sty
Package: infwarerr 2016/05/16 v1.4 Providing info/warning/error messages (HO)
)
(/usr/local/texlive/2016/texmf-dist/tex/generic/oberdiek/ltxcmds.sty
Package: ltxcmds 2016/05/16 v1.23 LaTeX kernel commands for general use (HO)
)
\Gread@gobject=\count91
))
\Gin@req@height=\dimen105
\Gin@req@width=\dimen106
)
\epsfxsize=\dimen107
\epsfysize=\dimen108
)
(/usr/local/texlive/2016/texmf-dist/tex/latex/eepic/epic.sty
Enhancements to Picture Environment. Version 1.2 - Released June 1, 1986
\@@multicnt=\count92
\d@lta=\count93
\@delta=\dimen109
\@@delta=\dimen110
\@gridcnt=\count94
\@joinkind=\count95
\@dotgap=\dimen111
\@ddotgap=\dimen112
\@x@diff=\count96
\@y@diff=\count97
\x@diff=\dimen113
\y@diff=\dimen114
\@dotbox=\box28
\num@segments=\count98
\num@segmentsi=\count99
\@datafile=\read1
) (/usr/local/texlive/2016/texmf-dist/tex/latex/eepic/eepic.sty
Extension to Epic and LaTeX. Version 1.1e - Released Dec 21, 1999
\@gphlinewidth=\count100
\@eepictcnt=\count101
\@tempdimc=\dimen115
\maxovaldiam=\dimen116
\@filltype=\box29
) (/usr/local/texlive/2016/texmf-dist/tex/latex/amsmath/amsmath.sty
Package: amsmath 2016/03/10 v2.15b AMS math features
\@mathmargin=\skip65

For additional information on amsmath, use the `?' option.
(/usr/local/texlive/2016/texmf-dist/tex/latex/amsmath/amstext.sty
Package: amstext 2000/06/29 v2.01 AMS text

(/usr/local/texlive/2016/texmf-dist/tex/latex/amsmath/amsgen.sty
File: amsgen.sty 1999/11/30 v2.0 generic functions
\@emptytoks=\toks18
\ex@=\dimen117
))
(/usr/local/texlive/2016/texmf-dist/tex/latex/amsmath/amsbsy.sty
Package: amsbsy 1999/11/29 v1.2d Bold Symbols
\pmbraise@=\dimen118
)
(/usr/local/texlive/2016/texmf-dist/tex/latex/amsmath/amsopn.sty
Package: amsopn 2016/03/08 v2.02 operator names
)
\inf@bad=\count102
LaTeX Info: Redefining \frac on input line 199.
\uproot@=\count103
\leftroot@=\count104
LaTeX Info: Redefining \overline on input line 297.
\classnum@=\count105
\DOTSCASE@=\count106
LaTeX Info: Redefining \ldots on input line 394.
LaTeX Info: Redefining \dots on input line 397.
LaTeX Info: Redefining \cdots on input line 518.
\Mathstrutbox@=\box30
\strutbox@=\box31
\big@size=\dimen119
LaTeX Font Info:    Redeclaring font encoding OML on input line 634.
LaTeX Font Info:    Redeclaring font encoding OMS on input line 635.
\macc@depth=\count107
\c@MaxMatrixCols=\count108
\dotsspace@=\muskip10
\c@parentequation=\count109
\dspbrk@lvl=\count110
\tag@help=\toks19
\row@=\count111
\column@=\count112
\maxfields@=\count113
\andhelp@=\toks20
\eqnshift@=\dimen120
\alignsep@=\dimen121
\tagshift@=\dimen122
\tagwidth@=\dimen123
\totwidth@=\dimen124
\lineht@=\dimen125
\@envbody=\toks21
\multlinegap=\skip66
\multlinetaggap=\skip67
\mathdisplay@stack=\toks22
LaTeX Info: Redefining \[ on input line 2739.
LaTeX Info: Redefining \] on input line 2740.
)
(/usr/local/texlive/2016/texmf-dist/tex/latex/threeparttable/threeparttable.sty
Package: threeparttable 2003/06/13  v 3.0
\@tempboxb=\box32
) (/usr/local/texlive/2016/texmf-dist/tex/latex/amsmath/amscd.sty
Package: amscd 1999/11/29 v2.0 AMS Commutatitive Diagrams
\athelp@=\toks23
\minaw@=\dimen126
\bigaw@=\dimen127
\minCDarrowwidth=\dimen128
)
(/usr/local/texlive/2016/texmf-dist/tex/latex/here/here.sty)
(/usr/local/texlive/2016/texmf-dist/tex/latex/float/float.sty
Package: float 2001/11/08 v1.3d Float enhancements (AL)
\c@float@type=\count114
\float@exts=\toks24
\float@box=\box33
\@float@everytoks=\toks25
\@floatcapt=\box34
)
(/usr/local/texlive/2016/texmf-dist/tex/latex/graphics/lscape.sty
Package: lscape 2000/10/22 v3.01 Landscape Pages (DPC)
)
(/usr/local/texlive/2016/texmf-dist/tex/latex/tools/tabularx.sty
Package: tabularx 2016/02/03 v2.11 `tabularx' package (DPC)

(/usr/local/texlive/2016/texmf-dist/tex/latex/tools/array.sty
Package: array 2014/10/28 v2.4c Tabular extension package (FMi)
\col@sep=\dimen129
\extrarowheight=\dimen130
\NC@list=\toks26
\extratabsurround=\skip68
\backup@length=\skip69
)
\TX@col@width=\dimen131
\TX@old@table=\dimen132
\TX@old@col=\dimen133
\TX@target=\dimen134
\TX@delta=\dimen135
\TX@cols=\count115
\TX@ftn=\toks27
)
(/usr/local/texlive/2016/texmf-dist/tex/latex/subfigure/subfigure.sty
Package: subfigure 2002/03/15 v2.1.5 subfigure package
\subfigtopskip=\skip70
\subfigcapskip=\skip71
\subfigcaptopadj=\dimen136
\subfigbottomskip=\skip72
\subfigcapmargin=\dimen137
\subfiglabelskip=\skip73
\c@subfigure=\count116
\c@lofdepth=\count117
\c@subtable=\count118
\c@lotdepth=\count119

****************************************
* Local config file subfigure.cfg used *
****************************************
(/usr/local/texlive/2016/texmf-dist/tex/latex/subfigure/subfigure.cfg)
\subfig@top=\skip74
\subfig@bottom=\skip75
)
(/usr/local/texlive/2016/texmf-dist/tex/latex/tools/longtable.sty
Package: longtable 2014/10/28 v4.11 Multi-page Table package (DPC)
\LTleft=\skip76
\LTright=\skip77
\LTpre=\skip78
\LTpost=\skip79
\LTchunksize=\count120
\LTcapwidth=\dimen138
\LT@head=\box35
\LT@firsthead=\box36
\LT@foot=\box37
\LT@lastfoot=\box38
\LT@cols=\count121
\LT@rows=\count122
\c@LT@tables=\count123
\c@LT@chunks=\count124
\LT@p@ftn=\toks28
)
Class scrbook Info: longtable captions redefined on input line 20.

(/usr/local/texlive/2016/texmf-dist/tex/latex/tools/bm.sty
Package: bm 2016/02/27 v1.2a Bold Symbol Support (DPC/FMi)
\symboldoperators=\mathgroup4
\symboldletters=\mathgroup5
\symboldsymbols=\mathgroup6
LaTeX Font Info:    Redeclaring math alphabet \mathbf on input line 142.
LaTeX Info: Redefining \bm on input line 208.
)
(/usr/local/texlive/2016/texmf-dist/tex/latex/rotating/rotating.sty
Package: rotating 2009/03/28 v2.16a rotated objects in LaTeX

(/usr/local/texlive/2016/texmf-dist/tex/latex/base/ifthen.sty
Package: ifthen 2014/09/29 v1.1c Standard LaTeX ifthen package (DPC)
)
\c@r@tfl@t=\count125
\rotFPtop=\skip80
\rotFPbot=\skip81
\rot@float@box=\box39
\rot@mess@toks=\toks29
) (./Befehle.sty)) (./TesisMSc.aux (./HojaTitulo/HojaTituloMSc.aux)
LaTeX Info: Redefining \. on input line 8.
LaTeX Info: Redefining \% on input line 8.

(./Tab_Simbolos/TabSimbolosMSc.aux

LaTeX Warning: Label `simbolosg' multiply defined.


LaTeX Warning: Label `simbolosg' multiply defined.


LaTeX Warning: Label `simbolosg' multiply defined.

) (./Kap1/Kap1.aux) (./Kap2/Kap2.aux

LaTeX Warning: Label `fig:Fi4' multiply defined.

) (./Kap3/Kap3.aux

LaTeX Warning: Label `fig:grav_lens_1' multiply defined.

) (./Kap4/Kap4.aux) (./Kap5/Kap5.aux) (./Kap6/Kap6.aux) (./Anexos/Anexos.aux))
\openout1 = `TesisMSc.aux'.

LaTeX Font Info:    Checking defaults for OML/cmm/m/it on input line 3.
LaTeX Font Info:    ... okay on input line 3.
LaTeX Font Info:    Checking defaults for T1/cmr/m/n on input line 3.
LaTeX Font Info:    ... okay on input line 3.
LaTeX Font Info:    Checking defaults for OT1/cmr/m/n on input line 3.
LaTeX Font Info:    ... okay on input line 3.
LaTeX Font Info:    Checking defaults for OMS/cmsy/m/n on input line 3.
LaTeX Font Info:    ... okay on input line 3.
LaTeX Font Info:    Checking defaults for OMX/cmex/m/n on input line 3.
LaTeX Font Info:    ... okay on input line 3.
LaTeX Font Info:    Checking defaults for U/cmr/m/n on input line 3.
LaTeX Font Info:    ... okay on input line 3.
LaTeX Info: Redefining \. on input line 3.
LaTeX Info: Redefining \% on input line 3.

(/usr/local/texlive/2016/texmf-dist/tex/context/base/mkii/supp-pdf.mkii
[Loading MPS to PDF converter (version 2006.09.02).]
\scratchcounter=\count126
\scratchdimen=\dimen139
\scratchbox=\box40
\nofMPsegments=\count127
\nofMParguments=\count128
\everyMPshowfont=\toks30
\MPscratchCnt=\count129
\MPscratchDim=\dimen140
\MPnumerator=\count130
\makeMPintoPDFobject=\count131
\everyMPtoPDFconversion=\toks31
) (/usr/local/texlive/2016/texmf-dist/tex/generic/oberdiek/pdftexcmds.sty
Package: pdftexcmds 2016/05/10 v0.21 Utility functions of pdfTeX for LuaTeX (HO
)

(/usr/local/texlive/2016/texmf-dist/tex/generic/oberdiek/ifluatex.sty
Package: ifluatex 2016/05/16 v1.4 Provides the ifluatex switch (HO)
Package ifluatex Info: LuaTeX not detected.
)
(/usr/local/texlive/2016/texmf-dist/tex/generic/oberdiek/ifpdf.sty
Package: ifpdf 2016/05/14 v3.1 Provides the ifpdf switch
)
Package pdftexcmds Info: LuaTeX not detected.
Package pdftexcmds Info: \pdf@primitive is available.
Package pdftexcmds Info: \pdf@ifprimitive is available.
Package pdftexcmds Info: \pdfdraftmode found.
)
(/usr/local/texlive/2016/texmf-dist/tex/latex/oberdiek/epstopdf-base.sty
Package: epstopdf-base 2016/05/15 v2.6 Base part for package epstopdf

(/usr/local/texlive/2016/texmf-dist/tex/latex/oberdiek/grfext.sty
Package: grfext 2016/05/16 v1.2 Manage graphics extensions (HO)

(/usr/local/texlive/2016/texmf-dist/tex/generic/oberdiek/kvdefinekeys.sty
Package: kvdefinekeys 2016/05/16 v1.4 Define keys (HO)
))
(/usr/local/texlive/2016/texmf-dist/tex/latex/oberdiek/kvoptions.sty
Package: kvoptions 2016/05/16 v3.12 Key value format for package options (HO)

(/usr/local/texlive/2016/texmf-dist/tex/generic/oberdiek/kvsetkeys.sty
Package: kvsetkeys 2016/05/16 v1.17 Key value parser (HO)

(/usr/local/texlive/2016/texmf-dist/tex/generic/oberdiek/etexcmds.sty
Package: etexcmds 2016/05/16 v1.6 Avoid name clashes with e-TeX commands (HO)
Package etexcmds Info: Could not find \expanded.
(etexcmds)             That can mean that you are not using pdfTeX 1.50 or
(etexcmds)             that some package has redefined \expanded.
(etexcmds)             In the latter case, load this package earlier.
)))
Package grfext Info: Graphics extension search list:
(grfext)             [.png,.pdf,.jpg,.mps,.jpeg,.jbig2,.jb2,.PNG,.PDF,.JPG,.JPE
G,.JBIG2,.JB2,.eps]
(grfext)             \AppendGraphicsExtensions on input line 456.

(/usr/local/texlive/2016/texmf-dist/tex/latex/latexconfig/epstopdf-sys.cfg
File: epstopdf-sys.cfg 2010/07/13 v1.3 Configuration of (r)epstopdf for TeX Liv
e
))
\openout2 = `HojaTitulo/HojaTituloMSc.aux'.


(./HojaTitulo/HojaTituloMSc.tex
Package epstopdf Info: Source file: <HojaTitulo/EscudoUN.eps>
(epstopdf)                    date: 2018-05-20 04:37:22
(epstopdf)                    size: 34748 bytes
(epstopdf)             Output file: <HojaTitulo/EscudoUN-eps-converted-to.pdf>
(epstopdf)                    date: 2018-05-20 11:51:35
(epstopdf)                    size: 18616 bytes
(epstopdf)             Command: <repstopdf --outfile=HojaTitulo/EscudoUN-eps-co
nverted-to.pdf HojaTitulo/EscudoUN.eps>
(epstopdf)             \includegraphics on input line 6.
Package epstopdf Info: Output file is already uptodate.

<HojaTitulo/EscudoUN-eps-converted-to.pdf, id=1, 202.7575pt x 83.31125pt>
File: HojaTitulo/EscudoUN-eps-converted-to.pdf Graphic file (type pdf)

<use HojaTitulo/EscudoUN-eps-converted-to.pdf>
Package pdftex.def Info: HojaTitulo/EscudoUN-eps-converted-to.pdf used on input
 line 6.
(pdftex.def)             Requested size: 202.757pt x 83.31104pt.
 [1


{/usr/local/texlive/2016/texmf-var/fonts/map/pdftex/updmap/pdftex.map} <./HojaT
itulo/EscudoUN-eps-converted-to.pdf>] [2


] [3] [4


]
Underfull \hbox (badness 10000) in paragraph at lines 43--46

 []


Underfull \hbox (badness 10000) in paragraph at lines 43--46

 []


Underfull \hbox (badness 10000) in paragraph at lines 43--46

 []


Underfull \hbox (badness 10000) in paragraph at lines 49--59

 []


Underfull \hbox (badness 10000) in paragraph at lines 49--59

 []


Underfull \hbox (badness 10000) in paragraph at lines 49--59

 []


Underfull \hbox (badness 10000) in paragraph at lines 49--59

 []

[5] [6


]
Underfull \hbox (badness 10000) in paragraph at lines 65--70

 []


Underfull \hbox (badness 10000) in paragraph at lines 65--70

 []


Underfull \hbox (badness 10000) in paragraph at lines 65--70

 []


Underfull \hbox (badness 10000) in paragraph at lines 65--70

 []

[7] [8


]
Underfull \hbox (badness 10000) in paragraph at lines 74--77

 []


Underfull \hbox (badness 10000) in paragraph at lines 74--77

 []


Underfull \hbox (badness 10000) in paragraph at lines 78--79

 []


Underfull \hbox (badness 10000) in paragraph at lines 80--81

 []

)
Underfull \hbox (badness 10000) in paragraph at lines 83--5

 []


Underfull \hbox (badness 10000) in paragraph at lines 83--5

 []

[9] [10] (./TesisMSc.toc
Package tocbasic Info: Using my definition of `\numberline' on input line 1.


LaTeX Font Warning: Font shape `OT1/cmss/bx/sc' undefined
(Font)              using `OT1/cmss/bx/n' instead on input line 1.


Package spanish Warning: Replacing `OT1/cmss/bx/sc' by 
(spanish)                faked small caps on input line 1.

Package tocbasic Info: Using my definition of `\numberline' on input line 2.

Package spanish Warning: Replacing `OT1/cmss/bx/sc' by 
(spanish)                faked small caps on input line 2.

LaTeX Info: Redefining \. on input line 3.
LaTeX Info: Redefining \% on input line 3.
Package tocbasic Info: Using my definition of `\numberline' on input line 4.

Package spanish Warning: Replacing `OT1/cmss/bx/sc' by 
(spanish)                faked small caps on input line 4.

Package tocbasic Info: Using my definition of `\numberline' on input line 5.
Package tocbasic Info: Using my definition of `\numberline' on input line 6.
Package tocbasic Info: Using my definition of `\numberline' on input line 7.
Package tocbasic Info: Using my definition of `\numberline' on input line 8.
Package tocbasic Info: Using my definition of `\numberline' on input line 13.
Package tocbasic Info: Using my definition of `\numberline' on input line 18.
Package tocbasic Info: Using my definition of `\numberline' on input line 19.
Package tocbasic Info: Using my definition of `\numberline' on input line 20.
Package tocbasic Info: Using my definition of `\numberline' on input line 23.
Package tocbasic Info: Using my definition of `\numberline' on input line 27.
Package tocbasic Info: Using my definition of `\numberline' on input line 28.
Package tocbasic Info: Using my definition of `\numberline' on input line 29.
Package tocbasic Info: Using my definition of `\numberline' on input line 30.
Package tocbasic Info: Using my definition of `\numberline' on input line 31.
Package tocbasic Info: Using my definition of `\numberline' on input line 32.
Package tocbasic Info: Using my definition of `\numberline' on input line 33.
Package tocbasic Info: Using my definition of `\numberline' on input line 34.
Package tocbasic Info: Using my definition of `\numberline' on input line 35.

Overfull \hbox (4.7692pt too wide) in paragraph at lines 35--35
 [][] []\OT1/cmr/m/n/12 M^^Seto-do MGE apli-ca-do so-bre las ecua-cio-nes de Je
ans axial-men-te sim^^Setri- 
 []

Package tocbasic Info: Using my definition of `\numberline' on input line 36.
Package tocbasic Info: Using my definition of `\numberline' on input line 37.
Package tocbasic Info: Using my definition of `\numberline' on input line 38.
Package tocbasic Info: Using my definition of `\numberline' on input line 39.
Package tocbasic Info: Using my definition of `\numberline' on input line 40.
Package tocbasic Info: Using my definition of `\numberline' on input line 41.
Package tocbasic Info: Using my definition of `\numberline' on input line 42.
Package tocbasic Info: Using my definition of `\numberline' on input line 43.
[11


]
Package tocbasic Info: Using my definition of `\numberline' on input line 44.
Package tocbasic Info: Using my definition of `\numberline' on input line 45.
Package tocbasic Info: Using my definition of `\numberline' on input line 46.
Package tocbasic Info: Using my definition of `\numberline' on input line 47.
Package tocbasic Info: Using my definition of `\numberline' on input line 48.
Package tocbasic Info: Using my definition of `\numberline' on input line 49.
Package tocbasic Info: Using my definition of `\numberline' on input line 50.
Package tocbasic Info: Using my definition of `\numberline' on input line 51.
Package tocbasic Info: Using my definition of `\numberline' on input line 52.
Package tocbasic Info: Using my definition of `\numberline' on input line 56.
Package tocbasic Info: Using my definition of `\numberline' on input line 57.
Package tocbasic Info: Using my definition of `\numberline' on input line 58.
Package tocbasic Info: Using my definition of `\numberline' on input line 59.
Package tocbasic Info: Using my definition of `\numberline' on input line 60.
Package tocbasic Info: Using my definition of `\numberline' on input line 61.
Package tocbasic Info: Using my definition of `\numberline' on input line 62.
Package tocbasic Info: Using my definition of `\numberline' on input line 63.
)
\tf@toc=\write3
\openout3 = `TesisMSc.toc'.

LaTeX Info: Redefining \. on input line 16.
LaTeX Info: Redefining \% on input line 16.
 [12]
\openout2 = `Tab_Simbolos/TabSimbolosMSc.aux'.

 (./Tab_Simbolos/TabSimbolosMSc.tex
Underfull \hbox (badness 10000) in paragraph at lines 3--4

 []

[13


]
LaTeX Info: Redefining \. on input line 78.
LaTeX Info: Redefining \% on input line 78.
 [14]
LaTeX Info: Redefining \. on input line 122.
LaTeX Info: Redefining \% on input line 122.
 [15])
LaTeX Info: Redefining \. on input line 16.
LaTeX Info: Redefining \% on input line 16.
 [16]
\openout2 = `Kap1/Kap1.aux'.

 (./Kap1/Kap1.tex
chapter 1.

Class scrbook Warning: \float@addtolists detected!
(scrbook)              Implementation of \float@addtolist became
(scrbook)              deprecated in KOMA-Script v3.01 2008/11/14 and
(scrbook)              has been replaced by several more flexible
(scrbook)              features of package `tocbasic`.
(scrbook)              Since Version 3.12 support for deprecated
(scrbook)              \float@addtolist interface has been
(scrbook)              restricted to only some of the KOMA-Script
(scrbook)              features and been removed from others.
(scrbook)              Loading of package `scrhack' may help to
(scrbook)              avoid this warning, if you are using a
(scrbook)              a package that still implements the
(scrbook)              deprecated \float@addtolist interface .


LaTeX Warning: Citation `Slipher1914' on page 1 undefined on input line 3.


LaTeX Warning: Citation `Oort40' on page 1 undefined on input line 3.


Underfull \hbox (badness 10000) in paragraph at lines 3--4

 []


Underfull \hbox (badness 10000) in paragraph at lines 5--6

 []


LaTeX Warning: Citation `Babcock1939' on page 1 undefined on input line 7.


LaTeX Warning: Citation `Sanders' on page 1 undefined on input line 7.


Underfull \hbox (badness 10000) in paragraph at lines 7--8

 []


LaTeX Warning: Citation `Z33' on page 1 undefined on input line 9.


LaTeX Warning: Citation `Z37' on page 1 undefined on input line 9.


LaTeX Warning: Citation `R70' on page 1 undefined on input line 9.


Underfull \hbox (badness 10000) in paragraph at lines 9--10

 []

[1



]

LaTeX Warning: Citation `S01' on page 2 undefined on input line 11.


LaTeX Warning: Citation `R80' on page 2 undefined on input line 11.


LaTeX Warning: Citation `P96' on page 2 undefined on input line 11.


LaTeX Warning: Citation `N07' on page 2 undefined on input line 11.


Underfull \hbox (badness 10000) in paragraph at lines 11--12

 []


Underfull \hbox (badness 10000) in paragraph at lines 13--14

 []

<Kap1/diagram_disk_galaxy.pdf, id=75, 597.50786pt x 569.05505pt>
File: Kap1/diagram_disk_galaxy.pdf Graphic file (type pdf)

<use Kap1/diagram_disk_galaxy.pdf>
Package pdftex.def Info: Kap1/diagram_disk_galaxy.pdf used on input line 18.
(pdftex.def)             Requested size: 445.9955pt x 424.7584pt.

Underfull \hbox (badness 10000) in paragraph at lines 23--24

 []

)
LaTeX Info: Redefining \. on input line 19.
LaTeX Info: Redefining \% on input line 19.
 [2] [3 <./Kap1/diagram_disk_galaxy.pdf>]
\openout2 = `Kap2/Kap2.aux'.

 (./Kap2/Kap2.tex
chapter 2.

LaTeX Warning: Citation `Samurovic07' on page 4 undefined on input line 5.


LaTeX Warning: Citation `BT08' on page 4 undefined on input line 5.


LaTeX Warning: Citation `Miyamoto75' on page 4 undefined on input line 22.


LaTeX Warning: Citation `S16' on page 4 undefined on input line 24.

[4



]

LaTeX Warning: Citation `BT' on page 5 undefined on input line 29.


LaTeX Warning: Citation `Miyamoto75' on page 5 undefined on input line 44.


LaTeX Warning: Citation `BT' on page 5 undefined on input line 44.


LaTeX Warning: Citation `Plummer11' on page 5 undefined on input line 46.


Underfull \hbox (badness 10000) in paragraph at lines 45--47

 []


LaTeX Warning: Citation `Miyamoto75' on page 5 undefined on input line 50.


LaTeX Warning: Citation `BT' on page 5 undefined on input line 50.


Underfull \hbox (badness 10000) in paragraph at lines 51--53

 []

LaTeX Info: Redefining \. on input line 59.
LaTeX Info: Redefining \% on input line 59.
[5]

LaTeX Warning: Citation `Miyamoto75' on page 6 undefined on input line 61.


Underfull \hbox (badness 10000) in paragraph at lines 61--62

 []


LaTeX Warning: Citation `Samurovic' on page 6 undefined on input line 64.


LaTeX Warning: Citation `Miyamoto75' on page 6 undefined on input line 66.

<Kap2/MN_Amp.pdf, id=120, 722.7pt x 505.89pt>
File: Kap2/MN_Amp.pdf Graphic file (type pdf)
 <use Kap2/MN_Amp.pdf>
Package pdftex.def Info: Kap2/MN_Amp.pdf used on input line 70.
(pdftex.def)             Requested size: 375.57779pt x 262.90219pt.

<Kap2/MN_b.pdf, id=121, 722.7pt x 505.89pt>
File: Kap2/MN_b.pdf Graphic file (type pdf)
 <use Kap2/MN_b.pdf>
Package pdftex.def Info: Kap2/MN_b.pdf used on input line 71.
(pdftex.def)             Requested size: 375.57779pt x 262.90219pt.

Underfull \hbox (badness 10000) in paragraph at lines 78--79

 []

<Kap2/homoeoid2D.png, id=122, 974.64125pt x 530.98375pt>
File: Kap2/homoeoid2D.png Graphic file (type png)

<use Kap2/homoeoid2D.png>
Package pdftex.def Info: Kap2/homoeoid2D.png used on input line 86.
(pdftex.def)             Requested size: 211.26027pt x 115.09102pt.

<Kap2/homoeoid3D.png, id=124, 312.16624pt x 234.8775pt>
File: Kap2/homoeoid3D.png Graphic file (type png)

<use Kap2/homoeoid3D.png>
Package pdftex.def Info: Kap2/homoeoid3D.png used on input line 87.
(pdftex.def)             Requested size: 211.26027pt x 158.95837pt.
LaTeX Info: Redefining \. on input line 98.
LaTeX Info: Redefining \% on input line 98.
 [6]
LaTeX Info: Redefining \. on input line 98.
LaTeX Info: Redefining \% on input line 98.
 [7 <./Kap2/MN_Amp.pdf> <./Kap2/MN_b.pdf

pdfTeX warning: /Library/TeX/texbin/pdflatex (file ./Kap2/MN_b.pdf): PDF inclus
ion: multiple pdfs with page group included in a single page
>]

LaTeX Warning: Citation `BT' on page 8 undefined on input line 103.

<Kap2/galaxy_spheroid.pdf, id=201, 512.1496pt x 455.2441pt>
File: Kap2/galaxy_spheroid.pdf Graphic file (type pdf)

<use Kap2/galaxy_spheroid.pdf>
Package pdftex.def Info: Kap2/galaxy_spheroid.pdf used on input line 118.
(pdftex.def)             Requested size: 445.9955pt x 396.45511pt.


LaTeX Warning: Citation `C93' on page 8 undefined on input line 123.

LaTeX Info: Redefining \. on input line 132.
LaTeX Info: Redefining \% on input line 132.
[8 <./Kap2/homoeoid2D.png> <./Kap2/homoeoid3D.png>]
LaTeX Info: Redefining \. on input line 132.
LaTeX Info: Redefining \% on input line 132.
 [9 <./Kap2/galaxy_spheroid.pdf>]

LaTeX Warning: Citation `Freeman' on page 10 undefined on input line 151.


Underfull \hbox (badness 10000) in paragraph at lines 158--159

 []


LaTeX Warning: Citation `Freeman' on page 10 undefined on input line 170.


LaTeX Warning: Citation `BT' on page 10 undefined on input line 170.


LaTeX Warning: Citation `C93' on page 10 undefined on input line 170.


LaTeX Warning: Citation `Freeman' on page 10 undefined on input line 172.

LaTeX Info: Redefining \. on input line 176.
LaTeX Info: Redefining \% on input line 176.
[10]
Underfull \hbox (badness 10000) in paragraph at lines 178--179

 []

<Kap2/ED_Amp.pdf, id=282, 722.7pt x 505.89pt>
File: Kap2/ED_Amp.pdf Graphic file (type pdf)
 <use Kap2/ED_Amp.pdf>
Package pdftex.def Info: Kap2/ED_Amp.pdf used on input line 182.
(pdftex.def)             Requested size: 375.57779pt x 262.90219pt.

<Kap2/ED_hr.pdf, id=283, 722.7pt x 505.89pt>
File: Kap2/ED_hr.pdf Graphic file (type pdf)
 <use Kap2/ED_hr.pdf>
Package pdftex.def Info: Kap2/ED_hr.pdf used on input line 183.
(pdftex.def)             Requested size: 375.57779pt x 262.90219pt.


LaTeX Warning: Citation `BT' on page 11 undefined on input line 188.


Underfull \hbox (badness 10000) in paragraph at lines 207--208

 []


LaTeX Warning: Citation `BT' on page 11 undefined on input line 211.

LaTeX Info: Redefining \. on input line 212.
LaTeX Info: Redefining \% on input line 212.
[11]
LaTeX Info: Redefining \. on input line 212.
LaTeX Info: Redefining \% on input line 212.
 [12 <./Kap2/ED_Amp.pdf> <./Kap2/ED_hr.pdf

pdfTeX warning: /Library/TeX/texbin/pdflatex (file ./Kap2/ED_hr.pdf): PDF inclu
sion: multiple pdfs with page group included in a single page
>]

LaTeX Warning: Citation `NFW' on page 13 undefined on input line 217.


LaTeX Warning: Citation `NFW' on page 13 undefined on input line 217.


LaTeX Warning: Citation `J03' on page 13 undefined on input line 228.


LaTeX Warning: Citation `Bosch' on page 13 undefined on input line 235.


LaTeX Warning: Citation `S16' on page 13 undefined on input line 254.

<Kap2/NFW_Amp.pdf, id=355, 722.7pt x 505.89pt>
File: Kap2/NFW_Amp.pdf Graphic file (type pdf)
 <use Kap2/NFW_Amp.pdf>
Package pdftex.def Info: Kap2/NFW_Amp.pdf used on input line 258.
(pdftex.def)             Requested size: 375.57779pt x 262.90219pt.

<Kap2/NFW_a.pdf, id=356, 722.7pt x 505.89pt>
File: Kap2/NFW_a.pdf Graphic file (type pdf)
 <use Kap2/NFW_a.pdf>
Package pdftex.def Info: Kap2/NFW_a.pdf used on input line 259.
(pdftex.def)             Requested size: 375.57779pt x 262.90219pt.


LaTeX Warning: Citation `Burkert95' on page 13 undefined on input line 266.

LaTeX Info: Redefining \. on input line 267.
LaTeX Info: Redefining \% on input line 267.
[13]
LaTeX Info: Redefining \. on input line 267.
LaTeX Info: Redefining \% on input line 267.
 [14 <./Kap2/NFW_Amp.pdf> <./Kap2/NFW_a.pdf

pdfTeX warning: /Library/TeX/texbin/pdflatex (file ./Kap2/NFW_a.pdf): PDF inclu
sion: multiple pdfs with page group included in a single page
>]
Underfull \hbox (badness 10000) in paragraph at lines 271--273

 []


LaTeX Warning: Citation `L17' on page 15 undefined on input line 274.


LaTeX Warning: Citation `Burkert95' on page 15 undefined on input line 274.


LaTeX Warning: Citation `S00' on page 15 undefined on input line 281.


LaTeX Warning: Citation `Burkert95' on page 15 undefined on input line 281.

<Kap2/BK_Amp.pdf, id=432, 722.7pt x 505.89pt>
File: Kap2/BK_Amp.pdf Graphic file (type pdf)
 <use Kap2/BK_Amp.pdf>
Package pdftex.def Info: Kap2/BK_Amp.pdf used on input line 293.
(pdftex.def)             Requested size: 375.57779pt x 262.90219pt.

<Kap2/BK_r.pdf, id=433, 722.7pt x 505.89pt>
File: Kap2/BK_r.pdf Graphic file (type pdf)
 <use Kap2/BK_r.pdf>
Package pdftex.def Info: Kap2/BK_r.pdf used on input line 294.
(pdftex.def)             Requested size: 375.57779pt x 262.90219pt.
LaTeX Info: Redefining \. on input line 306.
LaTeX Info: Redefining \% on input line 306.
 [15]
LaTeX Info: Redefining \. on input line 306.
LaTeX Info: Redefining \% on input line 306.
 [16 <./Kap2/BK_Amp.pdf> <./Kap2/BK_r.pdf

pdfTeX warning: /Library/TeX/texbin/pdflatex (file ./Kap2/BK_r.pdf): PDF inclus
ion: multiple pdfs with page group included in a single page
>]

LaTeX Warning: Citation `BT' on page 17 undefined on input line 322.


LaTeX Warning: Citation `B15' on page 17 undefined on input line 341.

LaTeX Info: Redefining \. on input line 344.
LaTeX Info: Redefining \% on input line 344.
[17]
LaTeX Info: Redefining \. on input line 399.
LaTeX Info: Redefining \% on input line 399.
 [18]
LaTeX Info: Redefining \. on input line 439.
LaTeX Info: Redefining \% on input line 439.
 [19]

LaTeX Warning: Citation `BT08' on page 20 undefined on input line 469.


Underfull \hbox (badness 10000) in paragraph at lines 475--476

 []


Underfull \hbox (badness 10000) in paragraph at lines 477--478

 []

LaTeX Info: Redefining \. on input line 478.
LaTeX Info: Redefining \% on input line 478.
[20]

LaTeX Warning: Citation `BT08' on page 21 undefined on input line 479.

LaTeX Info: Redefining \. on input line 507.
LaTeX Info: Redefining \% on input line 507.
[21]
Underfull \hbox (badness 10000) in paragraph at lines 542--543

 []

LaTeX Info: Redefining \. on input line 544.
LaTeX Info: Redefining \% on input line 544.
[22]
Underfull \hbox (badness 10000) in paragraph at lines 558--560

 []


LaTeX Warning: Citation `BT08' on page 23 undefined on input line 589.

LaTeX Info: Redefining \. on input line 597.
LaTeX Info: Redefining \% on input line 597.
[23]
Underfull \hbox (badness 10000) in paragraph at lines 602--603

 []


LaTeX Warning: Citation `BT08' on page 24 undefined on input line 608.


Underfull \hbox (badness 10000) in paragraph at lines 619--620

 []


LaTeX Warning: Citation `BT08' on page 24 undefined on input line 621.

LaTeX Info: Redefining \. on input line 638.
LaTeX Info: Redefining \% on input line 638.
[24]
Underfull \hbox (badness 10000) in paragraph at lines 656--657

 []

LaTeX Info: Redefining \. on input line 678.
LaTeX Info: Redefining \% on input line 678.
[25]
LaTeX Info: Redefining \. on input line 722.
LaTeX Info: Redefining \% on input line 722.
 [26]
Underfull \vbox (badness 10000) has occurred while \output is active []

LaTeX Info: Redefining \. on input line 757.
LaTeX Info: Redefining \% on input line 757.
 [27]
LaTeX Info: Redefining \. on input line 787.
LaTeX Info: Redefining \% on input line 787.

[28]

LaTeX Font Warning: Font shape `OT1/cmss/bx/it' undefined
(Font)              using `OT1/cmss/bx/n' instead on input line 816.


LaTeX Warning: Citation `2008MNRAS.390_71C' on page 29 undefined on input line 
818.


Underfull \hbox (badness 10000) in paragraph at lines 818--819

 []

LaTeX Info: Redefining \. on input line 824.
LaTeX Info: Redefining \% on input line 824.
[29] <Kap2/ellipsoid.png, id=552, 693.59125pt x 461.725pt>
File: Kap2/ellipsoid.png Graphic file (type png)

<use Kap2/ellipsoid.png>
Package pdftex.def Info: Kap2/ellipsoid.png used on input line 829.
(pdftex.def)             Requested size: 375.57779pt x 250.03232pt.

Underfull \hbox (badness 10000) in paragraph at lines 835--836

 []

LaTeX Info: Redefining \. on input line 848.
LaTeX Info: Redefining \% on input line 848.
[30 <./Kap2/ellipsoid.png>]
LaTeX Info: Redefining \. on input line 891.
LaTeX Info: Redefining \% on input line 891.
 [31]
Underfull \hbox (badness 10000) in paragraph at lines 894--895

 []


Underfull \hbox (badness 10000) in paragraph at lines 918--919

 []


Underfull \hbox (badness 10000) in paragraph at lines 921--922

 []

LaTeX Info: Redefining \. on input line 928.
LaTeX Info: Redefining \% on input line 928.
[32]
Underfull \hbox (badness 10000) in paragraph at lines 934--935

 []


LaTeX Warning: Citation `2008MNRAS.390_71C' on page 33 undefined on input line 
951.

LaTeX Info: Redefining \. on input line 962.
LaTeX Info: Redefining \% on input line 962.
[33]

LaTeX Warning: Citation `2008MNRAS.390_71C' on page 34 undefined on input line 
969.


Underfull \hbox (badness 10000) in paragraph at lines 986--987

 []


LaTeX Warning: Citation `TR16' on page 34 undefined on input line 988.


Underfull \hbox (badness 10000) in paragraph at lines 988--989

 []

LaTeX Info: Redefining \. on input line 989.
LaTeX Info: Redefining \% on input line 989.
[34]

LaTeX Warning: Citation `2008MNRAS.390_71C' on page 35 undefined on input line 
1027.

LaTeX Info: Redefining \. on input line 1035.
LaTeX Info: Redefining \% on input line 1035.
[35]
Underfull \hbox (badness 10000) in paragraph at lines 1044--1045

 []


LaTeX Warning: Citation `2008MNRAS.390_71C' on page 36 undefined on input line 
1047.


Underfull \hbox (badness 10000) in paragraph at lines 1047--1048

 []

<Kap2/NGC2974_1.png, id=573, 834.11626pt x 724.7075pt>
File: Kap2/NGC2974_1.png Graphic file (type png)

<use Kap2/NGC2974_1.png>
Package pdftex.def Info: Kap2/NGC2974_1.png used on input line 1052.
(pdftex.def)             Requested size: 211.26027pt x 183.54286pt.

<Kap2/NGC2974_2.png, id=574, 793.96625pt x 732.7375pt>
File: Kap2/NGC2974_2.png Graphic file (type png)

<use Kap2/NGC2974_2.png>
Package pdftex.def Info: Kap2/NGC2974_2.png used on input line 1053.
(pdftex.def)             Requested size: 211.26027pt x 194.96834pt.


LaTeX Warning: Citation `2008MNRAS.390_71C' on page 36 undefined on input line 
1054.


LaTeX Warning: Citation `2008MNRAS.390_71C' on page 36 undefined on input line 
1054.

<Kap2/NGC2974_3.png, id=575, 1266.7325pt x 304.13625pt>
File: Kap2/NGC2974_3.png Graphic file (type png)

<use Kap2/NGC2974_3.png>
Package pdftex.def Info: Kap2/NGC2974_3.png used on input line 1062.
(pdftex.def)             Requested size: 445.9955pt x 107.08041pt.


LaTeX Warning: Citation `2008MNRAS.390_71C' on page 36 undefined on input line 
1063.


LaTeX Warning: Citation `2008MNRAS.390_71C' on page 36 undefined on input line 
1063.


Underfull \hbox (badness 10000) in paragraph at lines 1070--1071

 []


LaTeX Warning: Citation `2008MNRAS.390_71C' on page 36 undefined on input line 
1072.


Underfull \hbox (badness 10000) in paragraph at lines 1072--1073

 []

LaTeX Info: Redefining \. on input line 1073.
LaTeX Info: Redefining \% on input line 1073.
[36]
LaTeX Info: Redefining \. on input line 1073.
LaTeX Info: Redefining \% on input line 1073.
 [37 <./Kap2/NGC2974_1.png> <./Kap2/NGC2974_2.png> <./Kap2/NGC2974_3.png>]
LaTeX Info: Redefining \. on input line 1107.
LaTeX Info: Redefining \% on input line 1107.

[38]
Underfull \hbox (badness 10000) in paragraph at lines 1142--1143

 []

LaTeX Info: Redefining \. on input line 1152.
LaTeX Info: Redefining \% on input line 1152.
[39]

LaTeX Warning: Citation `B15' on page 40 undefined on input line 1163.

<Kap2/Bulge.pdf, id=592, 462.52798pt x 346.89601pt>
File: Kap2/Bulge.pdf Graphic file (type pdf)
 <use Kap2/Bulge.pdf>
Package pdftex.def Info: Kap2/Bulge.pdf used on input line 1167.
(pdftex.def)             Requested size: 187.78531pt x 140.84146pt.

<Kap2/TnDisk.pdf, id=593, 462.52798pt x 346.89601pt>
File: Kap2/TnDisk.pdf Graphic file (type pdf)
 <use Kap2/TnDisk.pdf>
Package pdftex.def Info: Kap2/TnDisk.pdf used on input line 1168.
(pdftex.def)             Requested size: 187.78531pt x 140.84146pt.

Underfull \hbox (badness 10000) in paragraph at lines 1175--1176

 []

LaTeX Info: Redefining \. on input line 1178.
LaTeX Info: Redefining \% on input line 1178.
[40]
Underfull \hbox (badness 10000) in paragraph at lines 1179--1180

 []

<Kap2/curve_RotPy.pdf, id=598, 922.16518pt x 519.62129pt>
File: Kap2/curve_RotPy.pdf Graphic file (type pdf)

<use Kap2/curve_RotPy.pdf>
Package pdftex.def Info: Kap2/curve_RotPy.pdf used on input line 1186.
(pdftex.def)             Requested size: 187.78531pt x 329.42462pt.
File: Kap2/curve_RotPy.pdf Graphic file (type pdf)
 <use Kap2/curve_RotPy.pdf>
Package pdftex.def Info: Kap2/curve_RotPy.pdf used on input line 1187.
(pdftex.def)             Requested size: 281.68513pt x 234.78679pt.

Underfull \hbox (badness 10000) in paragraph at lines 1192--1193

 []


Underfull \hbox (badness 10000) in paragraph at lines 1196--1197

 []


LaTeX Warning: Citation `2017arXiv170501665G' on page 41 undefined on input lin
e 1198.

LaTeX Info: Redefining \. on input line 1203.
LaTeX Info: Redefining \% on input line 1203.
[41 <./Kap2/Bulge.pdf> <./Kap2/TnDisk.pdf

pdfTeX warning: /Library/TeX/texbin/pdflatex (file ./Kap2/TnDisk.pdf): PDF incl
usion: multiple pdfs with page group included in a single page
>]
LaTeX Info: Redefining \. on input line 1203.
LaTeX Info: Redefining \% on input line 1203.
 [42 <./Kap2/curve_RotPy.pdf>]
File: Kap2/curve_RotPy.pdf Graphic file (type pdf)
 <use Kap2/curve_RotPy.pdf>
Package pdftex.def Info: Kap2/curve_RotPy.pdf used on input line 1213.
(pdftex.def)             Requested size: 469.47046pt x 264.53555pt.

<Kap2/M33_rot_curve.pdf, id=727, 922.16518pt x 519.62129pt>
File: Kap2/M33_rot_curve.pdf Graphic file (type pdf)

<use Kap2/M33_rot_curve.pdf>
Package pdftex.def Info: Kap2/M33_rot_curve.pdf used on input line 1221.
(pdftex.def)             Requested size: 469.47046pt x 264.53555pt.

<Kap2/M33_Burkert.pdf, id=728, 922.16518pt x 519.62129pt>
File: Kap2/M33_Burkert.pdf Graphic file (type pdf)

<use Kap2/M33_Burkert.pdf>
Package pdftex.def Info: Kap2/M33_Burkert.pdf used on input line 1222.
(pdftex.def)             Requested size: 469.47046pt x 264.53555pt.


LaTeX Warning: Citation `C14' on page 43 undefined on input line 1223.


LaTeX Warning: Citation `C14' on page 43 undefined on input line 1223.


LaTeX Warning: Citation `BI15' on page 43 undefined on input line 1239.

LaTeX Info: Redefining \. on input line 1240.
LaTeX Info: Redefining \% on input line 1240.
[43]
LaTeX Info: Redefining \. on input line 1240.
LaTeX Info: Redefining \% on input line 1240.
 [44 <./Kap2/M33_rot_curve.pdf> <./Kap2/M33_Burkert.pdf

pdfTeX warning: /Library/TeX/texbin/pdflatex (file ./Kap2/M33_Burkert.pdf): PDF
 inclusion: multiple pdfs with page group included in a single page
>]

LaTeX Warning: Citation `2006MNRAS.366..787K' on page 45 undefined on input lin
e 1253.


Underfull \hbox (badness 10000) in paragraph at lines 1253--1254

 []


Underfull \hbox (badness 10000) in paragraph at lines 1260--1261

 []

LaTeX Info: Redefining \. on input line 1261.
LaTeX Info: Redefining \% on input line 1261.
[45]
Underfull \hbox (badness 10000) in paragraph at lines 1262--1263

 []


LaTeX Warning: Citation `C02' on page 46 undefined on input line 1280.


LaTeX Warning: Citation `TR16' on page 46 undefined on input line 1282.

<Kap2/J1331.png, id=884, 624.3325pt x 625.33624pt>
File: Kap2/J1331.png Graphic file (type png)
 <use Kap2/J1331.png>
Package pdftex.def Info: Kap2/J1331.png used on input line 1286.
(pdftex.def)             Requested size: 211.26027pt x 211.60007pt.

<Kap2/MGE_1.png, id=885, 627.34375pt x 631.35875pt>
File: Kap2/MGE_1.png Graphic file (type png)
 <use Kap2/MGE_1.png>
Package pdftex.def Info: Kap2/MGE_1.png used on input line 1287.
(pdftex.def)             Requested size: 211.26027pt x 212.61678pt.


LaTeX Warning: Citation `TR16' on page 46 undefined on input line 1288.


LaTeX Warning: Citation `TR16' on page 46 undefined on input line 1288.

)
LaTeX Info: Redefining \. on input line 20.
LaTeX Info: Redefining \% on input line 20.
 [46]
LaTeX Info: Redefining \. on input line 20.
LaTeX Info: Redefining \% on input line 20.
 [47 <./Kap2/J1331.png> <./Kap2/MGE_1.png>]
\openout2 = `Kap3/Kap3.aux'.

 (./Kap3/Kap3.tex
chapter 3.

LaTeX Warning: Citation `2008gafo.book.....L' on page 48 undefined on input lin
e 5.


Underfull \hbox (badness 10000) in paragraph at lines 5--6

 []


Underfull \hbox (badness 10000) in paragraph at lines 21--22

 []


Underfull \hbox (badness 10000) in paragraph at lines 29--30

 []

[48



]
Underfull \hbox (badness 10000) in paragraph at lines 37--38

 []

<Kap3/d_A.png, id=897, 763.85374pt x 560.0925pt>
File: Kap3/d_A.png Graphic file (type png)
 <use Kap3/d_A.png>
Package pdftex.def Info: Kap3/d_A.png used on input line 66.
(pdftex.def)             Requested size: 422.52054pt x 309.81236pt.


LaTeX Warning: Citation `CA10' on page 49 undefined on input line 71.

LaTeX Info: Redefining \. on input line 75.
LaTeX Info: Redefining \% on input line 75.
[49]
LaTeX Info: Redefining \. on input line 75.
LaTeX Info: Redefining \% on input line 75.
 [50 <./Kap3/d_A.png>]
Underfull \hbox (badness 10000) in paragraph at lines 97--98

 []


Underfull \hbox (badness 10000) in paragraph at lines 99--100

 []

<Kap3/grav_lens_1.png, id=905, 578.16pt x 774.895pt>
File: Kap3/grav_lens_1.png Graphic file (type png)

<use Kap3/grav_lens_1.png>
Package pdftex.def Info: Kap3/grav_lens_1.png used on input line 103.
(pdftex.def)             Requested size: 187.78531pt x 251.68417pt.


LaTeX Warning: Citation `SN92' on page 51 undefined on input line 104.


LaTeX Warning: Citation `SN92' on page 51 undefined on input line 104.

LaTeX Info: Redefining \. on input line 115.
LaTeX Info: Redefining \% on input line 115.
[51]
LaTeX Info: Redefining \. on input line 139.
LaTeX Info: Redefining \% on input line 139.
 [52 <./Kap3/grav_lens_1.png>]
Underfull \hbox (badness 10000) in paragraph at lines 145--146

 []


LaTeX Warning: Citation `EV03' on page 53 undefined on input line 154.

LaTeX Info: Redefining \. on input line 176.
LaTeX Info: Redefining \% on input line 176.
[53]
Underfull \hbox (badness 10000) in paragraph at lines 186--187

 []


LaTeX Warning: Citation `TR16' on page 54 undefined on input line 203.


Underfull \hbox (badness 10000) in paragraph at lines 224--225

 []


LaTeX Warning: Citation `TR16' on page 54 undefined on input line 226.


Underfull \hbox (badness 10000) in paragraph at lines 232--233

 []

LaTeX Info: Redefining \. on input line 233.
LaTeX Info: Redefining \% on input line 233.
[54]

LaTeX Warning: Citation `TR16' on page 55 undefined on input line 234.

<Kap3/lens_model.png, id=921, 590.205pt x 589.20125pt>
File: Kap3/lens_model.png Graphic file (type png)

<use Kap3/lens_model.png>
Package pdftex.def Info: Kap3/lens_model.png used on input line 238.
(pdftex.def)             Requested size: 375.57779pt x 374.94777pt.


LaTeX Warning: Citation `TR16' on page 55 undefined on input line 239.


LaTeX Warning: Citation `TR16' on page 55 undefined on input line 239.

)
LaTeX Info: Redefining \. on input line 21.
LaTeX Info: Redefining \% on input line 21.
 [55]
LaTeX Info: Redefining \. on input line 21.
LaTeX Info: Redefining \% on input line 21.
 [56 <./Kap3/lens_model.png>]
\openout2 = `Kap4/Kap4.aux'.

 (./Kap4/Kap4.tex
chapter 4.
) [57



]
\openout2 = `Kap5/Kap5.aux'.

 (./Kap5/Kap5.tex
chapter 5.
) [58



]
\openout2 = `Kap6/Kap6.aux'.

 (./Kap6/Kap6.tex
chapter 6.

Underfull \hbox (badness 10000) in paragraph at lines 3--4

 []

)
Underfull \hbox (badness 10000) in paragraph at lines 6--24

 []

[59



]
\openout2 = `Anexos/Anexos.aux'.

 (./Anexos/Anexos.tex
chapter A.

LaTeX Warning: Reference `laplace_eq_disk' on page 60 undefined on input line 1
6.

[60



]
chapter B.

Underfull \hbox (badness 10000) in paragraph at lines 33--34

 []

[61

]
chapter C.

Underfull \hbox (badness 10000) in paragraph at lines 36--37

 []


Underfull \hbox (badness 10000) in paragraph at lines 38--39

 []


Underfull \hbox (badness 10000) in paragraph at lines 40--41

 []


Underfull \hbox (badness 10000) in paragraph at lines 47--47
[]|\OT1/cmr/m/n/12 American Psy-cho-lo-gi-cal As-so-cia-tion
 []

[62

]) [63]
No file TesisMSc.bbl.
(./TesisMSc.aux (./HojaTitulo/HojaTituloMSc.aux)
LaTeX Info: Redefining \. on input line 8.
LaTeX Info: Redefining \% on input line 8.

(./Tab_Simbolos/TabSimbolosMSc.aux) (./Kap1/Kap1.aux) (./Kap2/Kap2.aux)
(./Kap3/Kap3.aux) (./Kap4/Kap4.aux) (./Kap5/Kap5.aux) (./Kap6/Kap6.aux)
(./Anexos/Anexos.aux))

LaTeX Font Warning: Some font shapes were not available, defaults substituted.


LaTeX Warning: There were undefined references.


LaTeX Warning: There were multiply-defined labels.

 ) 
Here is how much of TeX's memory you used:
 6748 strings out of 493014
 102463 string characters out of 6133351
 281402 words of memory out of 5000000
 10037 multiletter control sequences out of 15000+600000
 19509 words of font info for 68 fonts, out of 8000000 for 9000
 1151 hyphenation exceptions out of 8191
 47i,18n,66p,8514b,536s stack positions out of 5000i,500n,10000p,200000b,80000s
</usr/local/texlive/2016/texmf-dist/fonts/type1/public/amsfonts/cm/cmbx10.pfb
></usr/local/texlive/2016/texmf-dist/fonts/type1/public/amsfonts/cm/cmbx12.pfb>
</usr/local/texlive/2016/texmf-dist/fonts/type1/public/amsfonts/cm/cmcsc10.pfb>
</usr/local/texlive/2016/texmf-dist/fonts/type1/public/amsfonts/cm/cmex10.pfb><
/usr/local/texlive/2016/texmf-dist/fonts/type1/public/amsfonts/cm/cmmi12.pfb></
usr/local/texlive/2016/texmf-dist/fonts/type1/public/amsfonts/cm/cmmi6.pfb></us
r/local/texlive/2016/texmf-dist/fonts/type1/public/amsfonts/cm/cmmi8.pfb></usr/
local/texlive/2016/texmf-dist/fonts/type1/public/amsfonts/cm/cmmib10.pfb></usr/
local/texlive/2016/texmf-dist/fonts/type1/public/amsfonts/cmextra/cmmib8.pfb></
usr/local/texlive/2016/texmf-dist/fonts/type1/public/amsfonts/cm/cmr10.pfb></us
r/local/texlive/2016/texmf-dist/fonts/type1/public/amsfonts/cm/cmr12.pfb></usr/
local/texlive/2016/texmf-dist/fonts/type1/public/amsfonts/cm/cmr5.pfb></usr/loc
al/texlive/2016/texmf-dist/fonts/type1/public/amsfonts/cm/cmr6.pfb></usr/local/
texlive/2016/texmf-dist/fonts/type1/public/amsfonts/cm/cmr7.pfb></usr/local/tex
live/2016/texmf-dist/fonts/type1/public/amsfonts/cm/cmr8.pfb></usr/local/texliv
e/2016/texmf-dist/fonts/type1/public/amsfonts/cm/cmssbx10.pfb></usr/local/texli
ve/2016/texmf-dist/fonts/type1/public/amsfonts/cm/cmsy10.pfb></usr/local/texliv
e/2016/texmf-dist/fonts/type1/public/amsfonts/cm/cmsy6.pfb></usr/local/texlive/
2016/texmf-dist/fonts/type1/public/amsfonts/cm/cmsy8.pfb></usr/local/texlive/20
16/texmf-dist/fonts/type1/public/amsfonts/cm/cmti12.pfb></usr/local/texlive/201
6/texmf-dist/fonts/type1/public/amsfonts/cm/cmtt12.pfb>
Output written on TesisMSc.pdf (79 pages, 3588709 bytes).
PDF statistics:
 1022 PDF objects out of 1200 (max. 8388607)
 440 compressed objects within 5 object streams
 0 named destinations out of 1000 (max. 500000)
 148 words of extra memory for PDF output out of 10000 (max. 10000000)

